<?xml version="1.0" encoding="UTF-8"?>
<testng-results skipped="0" failed="0" ignored="0" total="0" passed="0">
  <reporter-output>
  </reporter-output>
  <suite name="com.test.qa.Amazon.AppTest" duration-ms="4" started-at="2018-02-10T05:12:06Z" finished-at="2018-02-10T05:12:06Z">
    <groups>
    </groups>
    <test name="Command line test" duration-ms="4" started-at="2018-02-10T05:12:06Z" finished-at="2018-02-10T05:12:06Z">
    </test> <!-- Command line test -->
  </suite> <!-- com.test.qa.Amazon.AppTest -->
</testng-results>
