<?xml version="1.0" encoding="UTF-8"?>
<testng-results skipped="0" failed="0" ignored="0" total="1" passed="1">
  <reporter-output>
  </reporter-output>
  <suite name="Default suite" duration-ms="36879" started-at="2018-02-10T14:00:41Z" finished-at="2018-02-10T14:01:18Z">
    <groups>
    </groups>
    <test name="Default test" duration-ms="36879" started-at="2018-02-10T14:00:41Z" finished-at="2018-02-10T14:01:18Z">
      <class name="com.test.qa.Amazon.LoginPage.TC001_VerifyLogin">
        <test-method status="PASS" signature="setUp()[pri:0, instance:com.test.qa.Amazon.LoginPage.TC001_VerifyLogin@8bd1b6a]" name="setUp" is-config="true" duration-ms="13063" started-at="2018-02-10T15:00:41Z" finished-at="2018-02-10T15:00:54Z">
          <reporter-output>
          </reporter-output>
        </test-method> <!-- setUp -->
        <test-method status="PASS" signature="verifyLogin()[pri:0, instance:com.test.qa.Amazon.LoginPage.TC001_VerifyLogin@8bd1b6a]" name="verifyLogin" duration-ms="23467" started-at="2018-02-10T15:00:54Z" finished-at="2018-02-10T15:01:18Z">
          <reporter-output>
          </reporter-output>
        </test-method> <!-- verifyLogin -->
        <test-method status="PASS" signature="endTest()[pri:0, instance:com.test.qa.Amazon.LoginPage.TC001_VerifyLogin@8bd1b6a]" name="endTest" is-config="true" duration-ms="307" started-at="2018-02-10T15:01:18Z" finished-at="2018-02-10T15:01:18Z">
          <reporter-output>
          </reporter-output>
        </test-method> <!-- endTest -->
      </class> <!-- com.test.qa.Amazon.LoginPage.TC001_VerifyLogin -->
    </test> <!-- Default test -->
  </suite> <!-- Default suite -->
</testng-results>
